#
# A fatal error has been detected by the Java Runtime Environment:
#
#  EXCEPTION_ACCESS_VIOLATION (0xc0000005) at pc=0x00000000602f2177, pid=62256, tid=102940
#
# JRE version: Java(TM) SE Runtime Environment (8.0_91-b14) (build 1.8.0_91-b14)
# Java VM: Java HotSpot(TM) 64-Bit Server VM (25.91-b14 mixed mode windows-amd64 compressed oops)
# Problematic frame:
# V  [jvm.dll+0x212177]
#
# Failed to write core dump. Minidumps are not enabled by default on client versions of Windows
#
# If you would like to submit a bug report, please visit:
#   http://bugreport.java.com/bugreport/crash.jsp
#

---------------  T H R E A D  ---------------

Current thread (0x000000020f11d000):  JavaThread "pool-5958-thread-1" [_thread_in_vm, id=102940, stack(0x00000002120d0000,0x00000002121d0000)]

siginfo: ExceptionCode=0xc0000005, writing address 0x00000002121c9230

Registers:
RAX=0x00000002121c9230, RBX=0x0000000000000007, RCX=0x0000000000006000, RDX=0x0000000000000006
RSP=0x00000002121cf230, RBP=0x0000000000000000, RSI=0x00000002121cf230, RDI=0x0000000000000007
R8 =0x0000000000000006, R9 =0x00000001b7eb4b10, R10=0x00000000138cb840, R11=0x00000002120da148
R12=0x00000001b7eb4b10, R13=0x000000020f11d000, R14=0x00000002121cf2f8, R15=0x00000000138cb840
RIP=0x00000000602f2177, EFLAGS=0x0000000000010206

Top of Stack: (sp=0x00000002121cf230)
0x00000002121cf230:   00000000004727a0 00007ffe741e5324
0x00000002121cf240:   000000020f11d000 00000001b7eb4b10
0x00000002121cf250:   00000000ffffffff 00000000602f30a7
0x00000002121cf260:   00000002121cf360 00000000138cb840
0x00000002121cf270:   000000020f11d000 000000006019f913
0x00000002121cf280:   00000002121cf2c0 000000020f11d000
0x00000002121cf290:   00000002121cf350 000000020f11d000
0x00000002121cf2a0:   00000000138cb840 000000020f11d000
0x00000002121cf2b0:   00000000022a6e60 000000020f11d000
0x00000002121cf2c0:   00000000138cb840 000000020f11d000
0x00000002121cf2d0:   00000000138cb840 000000020f11d000
0x00000002121cf2e0:   0000000000000001 00000000138cb840
0x00000002121cf2f0:   000000020f11d000 00000001b7d6fb60
0x00000002121cf300:   000000020f11d000 00000000601a0dfd
0x00000002121cf310:   00000002121cf618 00000001000069a0
0x00000002121cf320:   00000001000069a0 0000000000000000 

Instructions: (pc=0x00000000602f2177)
0x00000000602f2157:   48 89 6c 24 30 33 ed 66 90 e8 db 37 08 00 ff c3
0x00000000602f2167:   48 63 c8 48 8b c6 48 0f af cf 48 ff c7 48 2b c1
0x00000000602f2177:   89 28 48 63 c3 48 3b 05 1d b5 58 00 7e db 48 8b
0x00000000602f2187:   6c 24 30 48 8b 5c 24 38 48 8b 74 24 40 48 83 c4 


Register to memory mapping:

RAX=0x00000002121c9230 is pointing into the stack for thread: 0x000000020f11d000
RBX=0x0000000000000007 is an unknown value
RCX=0x0000000000006000 is an unknown value
RDX=0x0000000000000006 is an unknown value
RSP=0x00000002121cf230 is pointing into the stack for thread: 0x000000020f11d000
RBP=0x0000000000000000 is an unknown value
RSI=0x00000002121cf230 is pointing into the stack for thread: 0x000000020f11d000
RDI=0x0000000000000007 is an unknown value
R8 =