#
# There is insufficient memory for the Java Runtime Environment to continue.
# Native memory allocation (malloc) failed to allocate 1048576 bytes for AllocateHeap
# Possible reasons:
#   The system is out of physical RAM or swap space
#   In 32 bit mode, the process size limit was hit
# Possible solutions:
#   Reduce memory load on the system
#   Increase physical memory or swap space
#   Check if swap backing store is full
#   Use 64 bit Java on a 64 bit OS
#   Decrease Java heap size (-Xmx/-Xms)
#   Decrease number of Java threads
#   Decrease Java thread stack sizes (-Xss)
#   Set larger code cache with -XX:ReservedCodeCacheSize=
# This output file may be truncated or incomplete.
#
#  Out of Memory Error (memory/allocation.inline.hpp:61), pid=2540, tid=8016
#
# JRE version:  (8.0_91-b14) (build )
# Java VM: Java HotSpot(TM) 64-Bit Server VM (25.91-b14 mixed mode windows-amd64 compressed oops)
# Failed to write core dump. Minidumps are not enabled by default on client versions of Windows
#

---------------  T H R E A D  ---------------

Current thread (0x0000000002190800):  JavaThread "Unknown thread" [_thread_in_vm, id=8016, stack(0x0000000002090000,0x0000000002190000)]

Stack: [0x0000000002090000,0x0000000002190000]
[error occurred during error reporting (printing stack bounds), id 0xc0000005]

Native frames: (J=compiled Java code, j=interpreted, Vv=VM code, C=native code)


---------------  P R O C E S S  ---------------

Java Threads: ( => current thread )

Other Threads:

=>0x0000000002190800 (exited) JavaThread "Unknown thread" [_thread_in_vm, id=8016, stack(0x0000000002090000,0x0000000002190000)]

VM state:not at safepoint (normal execution)

VM Mutex/Monitor currently owned by a thread: None

Heap:
 PSYoungGen      total 16896K, used 296K [0x00000000eda00000, 0x00000000eec80000, 0x0000000100000000)
  eden space 14848K, 2% used [0x00000000eda00000,0x00000000eda4a3e0,0x00000000ee880000)
  from space 2048K, 0% used [0x00000000eea80000,0x00000000eea80000,0x00000000eec80000)
  to   space 2048K, 0% used [0x00000000ee880000,0x00000000ee880000,0x00000000eea80000)
 ParOldGen       total 38400K, used 0K [0x00000000c8e00000, 0x00000000cb380000, 0x00000000eda00000)
  object space 38400K, 0% used [0x00000000c8e00000,0x00000000c8e00000,0x00000000cb380000)
 Metaspace       used 746K, capacity 4480K, committed 4480K, reserved 1056768K
  class space    used 75K, capacity 384K, committed 384K, reserved 1048576K

Card table byte_map: [0x0000000011650000,0x0000000011810000] byte_map_base: 0x0000000011009000

Marking Bits: (ParMarkBitMap*) 0x0000000056ad2f70
 Begin Bits: [0x0000000011d40000, 0x0000000012b08000)
 End Bits:   [0x0000000012b08000, 0x00000000138d0000)

Polling page: 0x00000000004d0000

CodeCache: size=245760Kb used=327Kb max_used=327Kb free=245432Kb
 bounds [0x0000000002290000, 0x0000000002500000, 0x0000000011290000]
 total_blobs=57 nmethods=0 adapters=38
 compilation: enabled

Compilation events (0 events):
No events

GC Heap History (0 events):
No events

Deoptimization events (0 events):
No events

Internal exceptions (0 events):
No events

Events (10 events):
Event: 0.244 loading class java/lang/Short
Event: 0.244 loading class java/lang/Short done
Event: 0.244 loading class java/lang/Integer
Event: 0.245 loading class java/lang/Integer done
Event: 0.245 loading class java/lang/Long
Event: 0.245 loading class java/lang/Long done
Event: 0.249 loading class java/lang/NullPointerException
Event: 0.250 loading class java/lang/NullPointerException done
Event: 0.250 loading class java/lang/ArithmeticException
Event: 0.250 loading class java/lang/ArithmeticException done


Dynamic libraries:
0x00007ff7dbed0000 - 0x00007ff7dbf07000 	C:\Program Files\Java\jre1.8.0_91\bin\javaw.exe
0x00007ff8b6cf0000 - 0x00007ff8b6eb1000 	C:\WINDOWS\SYSTEM32\ntdll.dll
0x00007ff8b6b30000 - 0x00007ff8b6bdd000 	C:\WINDOWS\system32\KERNEL32.DLL
0x00007ff8b33c0000 - 0x00007ff8b35a8000 	C:\WINDOWS\system32\KERNELBASE.dll
0x00007ff8b6480000 - 0x00007ff8b6527000 	C:\WINDOWS\system32\ADVAPI32.dll
0x00007ff8b5770000 - 0x00007ff8b580d000 	C:\WINDOWS\system32\msvcrt.dll
0x00007ff8b6530000 - 0x00007ff8b658b000 	C:\WINDOWS\system32\sechost.dll
0x00007ff8b5650000 - 0x00007ff8b576c000 	C:\WINDOWS\system32\RPCRT4.dll
0x00007ff8b69d0000 - 0x00007ff8b6b26000 	C:\WINDOWS\system32\USER32.dll
0x00007ff8b5860000 - 0x00007ff8b59e6000 	C:\WINDOWS\system32\GDI32.dll
0x00007ff8a99c0000 - 0x00007ff8a9c34000 	C:\WINDOWS\WinSxS\amd64_microsoft.windows.common-controls_6595b64144ccf1df_6.0.10586.0_none_8c15ae12515e1c22\COMCTL32.dll
0x00007ff8b6750000 - 0x00007ff8b69cd000 	C:\WINDOWS\system32\combase.dll
0x00007ff8b4080000 - 0x00007ff8b40ea000 	C:\WINDOWS\system32\bcryptPrimitives.dll
0x00007ff8b5810000 - 0x00007ff8b584b000 	C:\WINDOWS\system32\IMM32.DLL
0x0000000056020000 - 0x00000000560f2000 	C:\Program Files\Java\jre1.8.0_91\bin\msvcr100.dll
0x00000000562c0000 - 0x0000000056b53000 	C:\Program Files\Java\jre1.8.0_91\bin\server\jvm.dll
0x00007ff8b5850000 - 0x00007ff8b5858000 	C:\WINDOWS\system32\PSAPI.DLL
0x00007ff8a7980000 - 0x00007ff8a7989000 	C:\WINDOWS\SYSTEM32\WSOCK32.dll
0x00007ff8b62d0000 - 0x00007ff8b633b000 	C:\WINDOWS\system32\WS2_32.dll
0x00007ff8b1590000 - 0x00007ff8b15b3000 	C:\WINDOWS\SYSTEM32\WINMM.dll
0x00007ff8afc20000 - 0x00007ff8afc2a000 	C:\WINDOWS\SYSTEM32\VERSION.dll
0x00007ff8b1530000 - 0x00007ff8b155c000 	C:\WINDOWS\SYSTEM32\WINMMBASE.dll
0x00007ff8b37e0000 - 0x00007ff8b3823000 	C:\WINDOWS\system32\cfgmgr32.dll
0x00000000561d0000 - 0x00000000561df000 	C:\Program Files\Java\jre1.8.0_91\bin\verify.dll
0x00000000561a0000 - 0x00000000561c9000 	C:\Program Files\Java\jre1.8.0_91\bin\java.dll
0x0000000056180000 - 0x0000000056196000 	C:\Program Files\Java\jre1.8.0_91\bin\zip.dll

VM Arguments:
jvm_args: -Dfile.encoding=Cp1250 
java_command: PanelGlowny
java_class_path (initial): C:\Users\pacio_000\workspace2\lab11\bin;C:\Users\pacio_000\Downloads\postgresql-9.4.1208.jar
Launcher Type: SUN_STANDARD

Environment Variables:
PATH=C:/Program Files/Java/jre1.8.0_91/bin/server;C:/Program Files/Java/jre1.8.0_91/bin;C:/Program Files/Java/jre1.8.0_91/lib/amd64;C:\ProgramData\Oracle\Java\javapath;C:\WINDOWS\system32;C:\WINDOWS;C:\WINDOWS\System32\Wbem;C:\WINDOWS\System32\WindowsPowerShell\v1.0\;C:\Program Files (x86)\ATI Technologies\ATI.ACE\Core-Static;C:\Program Files\Java\jdk1.7.0_51\bin;C:\WINDOWS\system32;C:\WINDOWS;C:\WINDOWS\System32\Wbem;C:\WINDOWS\System32\WindowsPowerShell\v1.0\;C:\Program Files (x86)\Windows Kits\8.1\Windows Performance Toolkit\;C:\Program Files\Microsoft DNX\Dnvm\;C:\Program Files\Microsoft SQL Server\Client SDK\ODBC\110\Tools\Binn\;C:\Program Files (x86)\Microsoft SQL Server\120\Tools\Binn\ManagementStudio\;C:\Program Files (x86)\Microsoft SQL Server\120\Tools\Binn\;C:\Program Files\Microsoft SQL Server\120\Tools\Binn\;C:\Program Files (x86)\Microsoft SQL Server\120\DTS\Binn\;C:\Program Files\Microsoft SQL Server\120\DTS\Binn\;C:\Program Files\Microsoft SQL Server\130\Tools\Binn\;C:\Users\pacio_000\AppData\Local\Android\android-sdk\platform-tools;C:\Users\pacio_000\Desktop\Studia\eclipse;
USERNAME=pacio_000
OS=Windows_NT
PROCESSOR_IDENTIFIER=AMD64 Family 22 Model 0 Stepping 1, AuthenticAMD



---------------  S Y S T E M  ---------------

OS: Windows 10.0 , 64 bit Build 10586 (10.0.10586.0)

CPU:total 4 (4 cores per cpu, 1 threads per core) family 22 model 0 stepping 1, cmov, cx8, fxsr, mmx, sse, sse2, sse3, ssse3, sse4.1, sse4.2, popcnt, avx, aes, clmul, mmxext, 3dnowpref, lzcnt, sse4a, tsc, tscinvbit, tscinv, bmi1

Memory: 4k page, physical 3611584k(589056k free), swap 7933812k(5764k free)

vm_info: Java HotSpot(TM) 64-Bit Server VM (25.91-b14) for windows-amd64 JRE (1.8.0_91-b14), built on Apr  1 2016 00:58:32 by "java_re" with MS VC++ 10.0 (VS2010)

time: Tue Jun 07 08:49:07 2016
elapsed time: 0 seconds (0d 0h 0m 0s)

